<?xml version="1.0" encoding="UTF-8"?>
<coverage generated="1658183662687" clover="3.2.0">
  <project timestamp="1658183662687" name="All files">
    <metrics statements="19" coveredstatements="18" conditionals="8" coveredconditionals="7" methods="4" coveredmethods="4" elements="31" coveredelements="29" complexity="0" loc="19" ncloc="19" packages="1" files="3" classes="3"/>
    <file name="days.js" path="/home/vinicius/Code/trybe-exercicios/m1-fundamentos/b7-introducao-a-javascript-es6-e-testes-unitarios/d3-primeiros-passos-em-jest/exercicio-1/days.js">
      <metrics statements="3" coveredstatements="3" conditionals="0" coveredconditionals="0" methods="0" coveredmethods="0"/>
      <line num="1" count="1" type="stmt"/>
      <line num="2" count="1" type="stmt"/>
      <line num="4" count="1" type="stmt"/>
    </file>
    <file name="loginValidation.js" path="/home/vinicius/Code/trybe-exercicios/m1-fundamentos/b7-introducao-a-javascript-es6-e-testes-unitarios/d3-primeiros-passos-em-jest/exercicio-1/loginValidation.js">
      <metrics statements="11" coveredstatements="10" conditionals="4" coveredconditionals="3" methods="3" coveredmethods="3"/>
      <line num="1" count="1" type="stmt"/>
      <line num="2" count="1" type="stmt"/>
      <line num="5" count="1" type="stmt"/>
      <line num="6" count="2" type="stmt"/>
      <line num="9" count="1" type="stmt"/>
      <line num="14" count="1" type="stmt"/>
      <line num="15" count="1" type="cond" truecount="3" falsecount="1"/>
      <line num="16" count="0" type="stmt"/>
      <line num="18" count="1" type="stmt"/>
      <line num="22" count="1" type="stmt"/>
      <line num="24" count="1" type="stmt"/>
    </file>
    <file name="sum.js" path="/home/vinicius/Code/trybe-exercicios/m1-fundamentos/b7-introducao-a-javascript-es6-e-testes-unitarios/d3-primeiros-passos-em-jest/exercicio-1/sum.js">
      <metrics statements="5" coveredstatements="5" conditionals="4" coveredconditionals="4" methods="1" coveredmethods="1"/>
      <line num="1" count="1" type="stmt"/>
      <line num="2" count="3" type="cond" truecount="4" falsecount="0"/>
      <line num="3" count="2" type="stmt"/>
      <line num="6" count="1" type="stmt"/>
      <line num="9" count="1" type="stmt"/>
    </file>
  </project>
</coverage>
